2018-05-29 18:29:29,612 INFO o.a.j.u.JMeterUtils: Setting Locale to en_EN
2018-05-29 18:29:29,657 INFO o.a.j.JMeter: Loading user properties from: user.properties
2018-05-29 18:29:29,659 INFO o.a.j.JMeter: Loading system properties from: system.properties
2018-05-29 18:29:29,665 INFO o.a.j.JMeter: Copyright (c) 1998-2018 The Apache Software Foundation
2018-05-29 18:29:29,665 INFO o.a.j.JMeter: Version 4.0 r1823414
2018-05-29 18:29:29,665 INFO o.a.j.JMeter: java.version=1.8.0_171
2018-05-29 18:29:29,665 INFO o.a.j.JMeter: java.vm.name=Java HotSpot(TM) 64-Bit Server VM
2018-05-29 18:29:29,665 INFO o.a.j.JMeter: os.name=Windows 10
2018-05-29 18:29:29,665 INFO o.a.j.JMeter: os.arch=amd64
2018-05-29 18:29:29,665 INFO o.a.j.JMeter: os.version=10.0
2018-05-29 18:29:29,665 INFO o.a.j.JMeter: file.encoding=Cp1251
2018-05-29 18:29:29,665 INFO o.a.j.JMeter: Max memory     =1073741824
2018-05-29 18:29:29,666 INFO o.a.j.JMeter: Available Processors =4
2018-05-29 18:29:29,673 INFO o.a.j.JMeter: Default Locale=English (EN)
2018-05-29 18:29:29,674 INFO o.a.j.JMeter: JMeter  Locale=English (EN)
2018-05-29 18:29:29,674 INFO o.a.j.JMeter: JMeterHome=E:\devchallenge.it-qa-2\apache-jmeter-4.0
2018-05-29 18:29:29,674 INFO o.a.j.JMeter: user.dir  =E:\devchallenge.it-qa-2\apache-jmeter-4.0\bin
2018-05-29 18:29:29,674 INFO o.a.j.JMeter: PWD       =E:\devchallenge.it-qa-2\apache-jmeter-4.0\bin
2018-05-29 18:29:34,182 INFO o.a.j.JMeter: IP: 10.0.75.1 Name: DESKTOP-RA7RMRG FullName: DESKTOP-RA7RMRG
2018-05-29 18:29:34,679 INFO o.a.j.g.a.LookAndFeelCommand: Installing Darcula LAF
2018-05-29 18:29:34,707 INFO o.a.j.g.a.LookAndFeelCommand: Using look and feel: com.bulenkov.darcula.DarculaLaf [Darcula]
2018-05-29 18:29:34,707 INFO o.a.j.JMeter: Setting LAF to: com.bulenkov.darcula.DarculaLaf
2018-05-29 18:29:34,799 INFO o.a.j.JMeter: Loaded icon properties from org/apache/jmeter/images/icon.properties
2018-05-29 18:29:35,624 INFO o.a.j.e.u.CompoundVariable: Note: Function class names must contain the string: '.functions.'
2018-05-29 18:29:35,625 INFO o.a.j.e.u.CompoundVariable: Note: Function class names must not contain the string: '.gui.'
2018-05-29 18:29:38,266 WARN o.a.j.g.ObjectTableModel: Header count=13 but classes count=11
2018-05-29 18:29:38,267 WARN o.a.j.g.ObjectTableModel: Header count=13 but writeFunctor count=11
2018-05-29 18:29:39,120 INFO o.a.j.p.h.s.HTTPSamplerBase: Parser for text/html is org.apache.jmeter.protocol.http.parser.LagartoBasedHtmlParser
2018-05-29 18:29:39,120 INFO o.a.j.p.h.s.HTTPSamplerBase: Parser for application/xhtml+xml is org.apache.jmeter.protocol.http.parser.LagartoBasedHtmlParser
2018-05-29 18:29:39,120 INFO o.a.j.p.h.s.HTTPSamplerBase: Parser for application/xml is org.apache.jmeter.protocol.http.parser.LagartoBasedHtmlParser
2018-05-29 18:29:39,121 INFO o.a.j.p.h.s.HTTPSamplerBase: Parser for text/xml is org.apache.jmeter.protocol.http.parser.LagartoBasedHtmlParser
2018-05-29 18:29:39,121 INFO o.a.j.p.h.s.HTTPSamplerBase: Parser for text/vnd.wap.wml is org.apache.jmeter.protocol.http.parser.RegexpHTMLParser
2018-05-29 18:29:39,121 INFO o.a.j.p.h.s.HTTPSamplerBase: Parser for text/css is org.apache.jmeter.protocol.http.parser.CssParser
2018-05-29 18:29:39,402 INFO o.a.j.e.KeyToolUtils: Exception checking for keytool existence, will return false, try another way.
2018-05-29 18:29:39,781 INFO o.a.j.e.KeyToolUtils: keytool found at 'C:\Program Files\Java\jre1.8.0_171\bin\keytool'
2018-05-29 18:29:39,783 INFO o.a.j.p.h.p.ProxyControl: HTTP(S) Test Script Recorder SSL Proxy will use keys that support embedded 3rd party resources in file E:\devchallenge.it-qa-2\apache-jmeter-4.0\bin\proxyserver.jks
2018-05-29 18:29:39,957 INFO o.a.j.s.FileServer: Default base='E:\devchallenge.it-qa-2\apache-jmeter-4.0\bin'
2018-05-29 18:29:39,961 INFO o.j.r.PluginManager: Plugins Status: [jpgc-graphs-basic=2.0, jpgc-graphs-additional=2.0, jpgc-autostop=0.1, jpgc-graphs-composite=2.0, jpgc-csl=0.1, jpgc-functions=2.0, jpgc-casutg=2.5, jpgc-dummy=0.2, jpgc-filterresults=2.1, jpgc-ffw=2.0, jpgc-httpraw=0.1, jpgc-fifo=0.2, jpgc-graphs-vs=2.0, jpgc-mergeresults=2.1, jpgc-prmctl=0.3, jpgc-perfmon=2.1, jpgc-plugins-manager=0.19, bzm-random-csv=0.6, jpgc-redis=0.2, jpgc-synthesis=2.1, jpgc-tst=2.1, jpgc-csvars=0.1, websocket-samplers=1.1, jpgc-xml=0.1, jmeter-core=4.0, jmeter-ftp=4.0, jmeter-http=4.0, jmeter-jdbc=4.0, jmeter-jms=4.0, jmeter-junit=4.0, jmeter-java=4.0, jmeter-ldap=4.0, jmeter-mail=4.0, jmeter-mongodb=4.0, jmeter-native=4.0, jmeter-tcp=4.0, jmeter-components=4.0, jpgc-standard=2.0]
2018-05-29 18:29:39,965 INFO o.j.r.PluginManagerMenuItem: Plugins Manager has upgrades: [jpgc-functions, jpgc-prmctl, jpgc-plugins-manager, jpgc-tst]
2018-05-29 18:29:40,775 INFO o.a.j.s.SampleResult: Note: Sample TimeStamps are START times
2018-05-29 18:29:40,775 INFO o.a.j.s.SampleResult: sampleresult.default.encoding is set to ISO-8859-1
2018-05-29 18:29:40,776 INFO o.a.j.s.SampleResult: sampleresult.useNanoTime=true
2018-05-29 18:29:40,776 INFO o.a.j.s.SampleResult: sampleresult.nanoThreadSleep=5000
2018-05-29 18:31:13,682 INFO o.a.j.p.h.c.CookieManager: Settings: Delete null: true Check: true Allow variable: true Save: false Prefix: COOKIE_
2018-05-29 18:31:57,608 INFO o.a.j.s.FileServer: Set new base='E:\devchallenge.it-qa-2\testplan'
2018-05-29 18:31:57,748 INFO o.a.j.s.SaveService: Testplan (JMX) version: 2.2. Testlog (JTL) version: 2.2
2018-05-29 18:31:57,758 INFO o.a.j.s.SaveService: Using SaveService properties file encoding UTF-8
2018-05-29 18:31:57,759 INFO o.a.j.s.SaveService: Using SaveService properties version 4.0
2018-05-29 18:32:00,391 INFO o.a.j.g.a.Load: Loading file: E:\devchallenge.it-qa-2\testplan\PetStore.jmx
2018-05-29 18:32:00,391 INFO o.a.j.s.FileServer: Set new base='E:\devchallenge.it-qa-2\testplan'
2018-05-29 18:32:00,391 INFO o.a.j.s.SaveService: Loading file: E:\devchallenge.it-qa-2\testplan\PetStore.jmx
2018-05-29 18:32:00,760 INFO o.a.j.s.FileServer: Set new base='E:\devchallenge.it-qa-2\testplan'
2018-05-29 18:32:10,941 INFO o.a.j.g.a.Load: Loading file: E:\devchallenge.it-qa-2\testplan\openweathermap.jmx
2018-05-29 18:32:10,942 INFO o.a.j.s.FileServer: Set new base='E:\devchallenge.it-qa-2\testplan'
2018-05-29 18:32:10,942 INFO o.a.j.s.SaveService: Loading file: E:\devchallenge.it-qa-2\testplan\openweathermap.jmx
2018-05-29 18:32:11,014 INFO o.a.j.s.FileServer: Set new base='E:\devchallenge.it-qa-2\testplan'
2018-05-29 18:37:03,933 INFO o.a.j.g.a.Load: Loading file: E:\devchallenge.it-qa-2\testplan\PetStore.jmx
2018-05-29 18:37:03,933 INFO o.a.j.s.FileServer: Set new base='E:\devchallenge.it-qa-2\testplan'
2018-05-29 18:37:03,933 INFO o.a.j.s.SaveService: Loading file: E:\devchallenge.it-qa-2\testplan\PetStore.jmx
2018-05-29 18:37:04,055 INFO o.a.j.s.FileServer: Set new base='E:\devchallenge.it-qa-2\testplan'
2018-05-29 18:37:22,089 INFO o.a.j.g.a.Load: Loading file: E:\devchallenge.it-qa-2\testplan\openweathermap.jmx
2018-05-29 18:37:22,089 INFO o.a.j.s.FileServer: Set new base='E:\devchallenge.it-qa-2\testplan'
2018-05-29 18:37:22,089 INFO o.a.j.s.SaveService: Loading file: E:\devchallenge.it-qa-2\testplan\openweathermap.jmx
2018-05-29 18:37:22,161 INFO o.a.j.s.FileServer: Set new base='E:\devchallenge.it-qa-2\testplan'
2018-05-29 18:37:39,543 INFO o.a.j.g.a.Load: Loading file: E:\devchallenge.it-qa-2\testplan\PetStore.jmx
2018-05-29 18:37:39,543 INFO o.a.j.s.FileServer: Set new base='E:\devchallenge.it-qa-2\testplan'
2018-05-29 18:37:39,543 INFO o.a.j.s.SaveService: Loading file: E:\devchallenge.it-qa-2\testplan\PetStore.jmx
2018-05-29 18:37:39,655 INFO o.a.j.s.FileServer: Set new base='E:\devchallenge.it-qa-2\testplan'
2018-05-29 18:37:44,809 INFO o.a.j.g.a.Load: Loading file: E:\devchallenge.it-qa-2\testplan\openweathermap.jmx
2018-05-29 18:37:44,809 INFO o.a.j.s.FileServer: Set new base='E:\devchallenge.it-qa-2\testplan'
2018-05-29 18:37:44,809 INFO o.a.j.s.SaveService: Loading file: E:\devchallenge.it-qa-2\testplan\openweathermap.jmx
2018-05-29 18:37:44,876 INFO o.a.j.s.FileServer: Set new base='E:\devchallenge.it-qa-2\testplan'
2018-05-29 22:08:49,645 WARN o.a.j.p.h.p.ProxyControl: Existing ROOT Certificate has expired, a new one will be created, ensure you install it in browser, message: NotAfter: Sat May 19 13:24:37 EEST 2018
java.security.cert.CertificateExpiredException: NotAfter: Sat May 19 13:24:37 EEST 2018
	at sun.security.x509.CertificateValidity.valid(Unknown Source) ~[?:1.8.0_171]
	at sun.security.x509.X509CertImpl.checkValidity(Unknown Source) ~[?:1.8.0_171]
	at org.apache.jmeter.protocol.http.proxy.ProxyControl.initDynamicKeyStore(ProxyControl.java:1499) [ApacheJMeter_http.jar:4.0 r1823414]
	at org.apache.jmeter.protocol.http.proxy.ProxyControl.initKeyStore(ProxyControl.java:1447) [ApacheJMeter_http.jar:4.0 r1823414]
	at org.apache.jmeter.protocol.http.proxy.ProxyControl.startProxy(ProxyControl.java:530) [ApacheJMeter_http.jar:4.0 r1823414]
	at org.apache.jmeter.protocol.http.proxy.gui.ProxyControlGui.startProxy(ProxyControlGui.java:569) [ApacheJMeter_http.jar:4.0 r1823414]
	at org.apache.jmeter.protocol.http.proxy.gui.ProxyControlGui.actionPerformed(ProxyControlGui.java:424) [ApacheJMeter_http.jar:4.0 r1823414]
	at javax.swing.AbstractButton.fireActionPerformed(Unknown Source) [?:1.8.0_171]
	at javax.swing.AbstractButton$Handler.actionPerformed(Unknown Source) [?:1.8.0_171]
	at javax.swing.DefaultButtonModel.fireActionPerformed(Unknown Source) [?:1.8.0_171]
	at javax.swing.DefaultButtonModel.setPressed(Unknown Source) [?:1.8.0_171]
	at javax.swing.plaf.basic.BasicButtonListener.mouseReleased(Unknown Source) [?:1.8.0_171]
	at java.awt.Component.processMouseEvent(Unknown Source) [?:1.8.0_171]
	at javax.swing.JComponent.processMouseEvent(Unknown Source) [?:1.8.0_171]
	at java.awt.Component.processEvent(Unknown Source) [?:1.8.0_171]
	at java.awt.Container.processEvent(Unknown Source) [?:1.8.0_171]
	at java.awt.Component.dispatchEventImpl(Unknown Source) [?:1.8.0_171]
	at java.awt.Container.dispatchEventImpl(Unknown Source) [?:1.8.0_171]
	at java.awt.Component.dispatchEvent(Unknown Source) [?:1.8.0_171]
	at java.awt.LightweightDispatcher.retargetMouseEvent(Unknown Source) [?:1.8.0_171]
	at java.awt.LightweightDispatcher.processMouseEvent(Unknown Source) [?:1.8.0_171]
	at java.awt.LightweightDispatcher.dispatchEvent(Unknown Source) [?:1.8.0_171]
	at java.awt.Container.dispatchEventImpl(Unknown Source) [?:1.8.0_171]
	at java.awt.Window.dispatchEventImpl(Unknown Source) [?:1.8.0_171]
	at java.awt.Component.dispatchEvent(Unknown Source) [?:1.8.0_171]
	at java.awt.EventQueue.dispatchEventImpl(Unknown Source) [?:1.8.0_171]
	at java.awt.EventQueue.access$500(Unknown Source) [?:1.8.0_171]
	at java.awt.EventQueue$3.run(Unknown Source) [?:1.8.0_171]
	at java.awt.EventQueue$3.run(Unknown Source) [?:1.8.0_171]
	at java.security.AccessController.doPrivileged(Native Method) [?:1.8.0_171]
	at java.security.ProtectionDomain$JavaSecurityAccessImpl.doIntersectionPrivilege(Unknown Source) [?:1.8.0_171]
	at java.security.ProtectionDomain$JavaSecurityAccessImpl.doIntersectionPrivilege(Unknown Source) [?:1.8.0_171]
	at java.awt.EventQueue$4.run(Unknown Source) [?:1.8.0_171]
	at java.awt.EventQueue$4.run(Unknown Source) [?:1.8.0_171]
	at java.security.AccessController.doPrivileged(Native Method) [?:1.8.0_171]
	at java.security.ProtectionDomain$JavaSecurityAccessImpl.doIntersectionPrivilege(Unknown Source) [?:1.8.0_171]
	at java.awt.EventQueue.dispatchEvent(Unknown Source) [?:1.8.0_171]
	at java.awt.EventDispatchThread.pumpOneEventForFilters(Unknown Source) [?:1.8.0_171]
	at java.awt.EventDispatchThread.pumpEventsForFilter(Unknown Source) [?:1.8.0_171]
	at java.awt.EventDispatchThread.pumpEventsForHierarchy(Unknown Source) [?:1.8.0_171]
	at java.awt.EventDispatchThread.pumpEvents(Unknown Source) [?:1.8.0_171]
	at java.awt.EventDispatchThread.pumpEvents(Unknown Source) [?:1.8.0_171]
	at java.awt.EventDispatchThread.run(Unknown Source) [?:1.8.0_171]
2018-05-29 22:08:49,652 INFO o.a.j.p.h.p.ProxyControl: Creating HTTP(S) Test Script Recorder Root CA in E:\devchallenge.it-qa-2\apache-jmeter-4.0\bin\proxyserver.jks, ensure you install certificate in your Browser for recording
2018-05-29 22:08:53,213 INFO o.a.j.p.h.p.ProxyControl: Created keystore in E:\devchallenge.it-qa-2\apache-jmeter-4.0\bin\proxyserver.jks
2018-05-29 22:08:53,215 INFO o.a.j.p.h.p.Daemon: Creating Daemon Socket on port: 8889
2018-05-29 22:08:53,218 INFO o.a.j.p.h.p.Daemon: Test Script Recorder up and running!
2018-05-29 22:08:56,780 INFO o.a.j.p.h.p.Proxy: Proxy will remove the headers: If-Modified-Since,If-None-Match,Host
2018-05-29 22:08:56,786 INFO o.a.j.p.h.p.ProxyControl: [58312] Creating entry openweathermap.org in E:\devchallenge.it-qa-2\apache-jmeter-4.0\bin\proxyserver.jks
2018-05-29 22:08:59,154 INFO o.a.j.p.h.p.Proxy: [58312]  KeyStore for SSL loaded OK and put host 'openweathermap.org' in map with key (openweathermap.org)
2018-05-29 22:08:59,232 WARN o.a.j.p.h.p.Proxy: [58312]  Problem with SSL certificate for url  for 'openweathermap.org'? Ensure browser is set to accept the JMeter proxy cert: Received fatal alert: unknown_ca
2018-05-29 22:08:59,233 INFO o.a.j.s.SampleEvent: List of sample_variables: []
2018-05-29 22:08:59,246 INFO o.a.j.p.h.s.HTTPHCAbstractImpl: Local host = DESKTOP-RA7RMRG
2018-05-29 22:08:59,253 INFO o.a.j.p.h.s.HTTPHC4Impl: HTTP request retry count = 0
2018-05-29 22:09:08,189 INFO o.a.j.p.h.p.ProxyControl: [58319] Creating entry support.mozilla.org in E:\devchallenge.it-qa-2\apache-jmeter-4.0\bin\proxyserver.jks
2018-05-29 22:09:10,389 INFO o.a.j.p.h.p.Proxy: [58319]  KeyStore for SSL loaded OK and put host 'support.mozilla.org' in map with key (support.mozilla.org)
2018-05-29 22:09:10,409 WARN o.a.j.p.h.p.Proxy: [58319]  Problem with SSL certificate for url  for 'support.mozilla.org'? Ensure browser is set to accept the JMeter proxy cert: Software caused connection abort: recv failed
2018-05-29 22:09:11,583 INFO o.a.j.p.h.p.ProxyControl: [58321] Creating entry aus5.mozilla.org in E:\devchallenge.it-qa-2\apache-jmeter-4.0\bin\proxyserver.jks
2018-05-29 22:09:14,037 INFO o.a.j.p.h.p.Proxy: [58321]  KeyStore for SSL loaded OK and put host 'aus5.mozilla.org' in map with key (aus5.mozilla.org)
2018-05-29 22:09:14,086 WARN o.a.j.p.h.p.Proxy: [58321]  Problem with SSL certificate for url  for 'aus5.mozilla.org'? Ensure browser is set to accept the JMeter proxy cert: Received fatal alert: unknown_ca
2018-05-29 22:09:57,120 INFO o.a.j.p.h.s.LazySchemeSocketFactory: Setting up HTTPS TrustAll Socket Factory
2018-05-29 22:09:57,122 INFO o.a.j.u.JsseSSLManager: Using default SSL protocol: TLS
2018-05-29 22:09:57,122 INFO o.a.j.u.JsseSSLManager: SSL session context: per-thread
2018-05-29 22:09:57,126 INFO o.a.j.u.SSLManager: JmeterKeyStore Location:  type JKS
2018-05-29 22:09:57,127 INFO o.a.j.u.SSLManager: KeyStore created OK
2018-05-29 22:09:57,127 WARN o.a.j.u.SSLManager: Keystore file not found, loading empty keystore
2018-05-29 22:09:57,819 INFO o.a.j.p.h.p.ProxyControl: [58359] Creating entry cdn.polyfill.io in E:\devchallenge.it-qa-2\apache-jmeter-4.0\bin\proxyserver.jks
2018-05-29 22:10:00,312 INFO o.a.j.p.h.p.ProxyControl: [58358] Creating entry code.jquery.com in E:\devchallenge.it-qa-2\apache-jmeter-4.0\bin\proxyserver.jks
2018-05-29 22:10:00,316 INFO o.a.j.p.h.p.Proxy: [58359]  KeyStore for SSL loaded OK and put host 'cdn.polyfill.io' in map with key (cdn.polyfill.io)
2018-05-29 22:10:02,629 INFO o.a.j.p.h.p.ProxyControl: [58361] Creating entry fonts.googleapis.com in E:\devchallenge.it-qa-2\apache-jmeter-4.0\bin\proxyserver.jks
2018-05-29 22:10:02,633 INFO o.a.j.p.h.p.Proxy: [58358]  KeyStore for SSL loaded OK and put host 'code.jquery.com' in map with key (code.jquery.com)
2018-05-29 22:10:05,589 INFO o.a.j.p.h.p.ProxyControl: [58363] Creating entry cdn.ravenjs.com in E:\devchallenge.it-qa-2\apache-jmeter-4.0\bin\proxyserver.jks
2018-05-29 22:10:05,592 INFO o.a.j.p.h.p.Proxy: [58361]  KeyStore for SSL loaded OK and put host 'fonts.googleapis.com' in map with key (fonts.googleapis.com)
2018-05-29 22:10:08,432 INFO o.a.j.p.h.p.ProxyControl: [58360] Creating entry maxcdn.bootstrapcdn.com in E:\devchallenge.it-qa-2\apache-jmeter-4.0\bin\proxyserver.jks
2018-05-29 22:10:08,435 INFO o.a.j.p.h.p.Proxy: [58363]  KeyStore for SSL loaded OK and put host 'cdn.ravenjs.com' in map with key (cdn.ravenjs.com)
2018-05-29 22:10:11,206 INFO o.a.j.p.h.p.Proxy: [58360]  KeyStore for SSL loaded OK and put host 'maxcdn.bootstrapcdn.com' in map with key (maxcdn.bootstrapcdn.com)
2018-05-29 22:10:11,854 INFO o.a.j.p.h.p.ProxyControl: [58386] Creating entry ssl.google-analytics.com in E:\devchallenge.it-qa-2\apache-jmeter-4.0\bin\proxyserver.jks
2018-05-29 22:10:15,000 INFO o.a.j.p.h.p.ProxyControl: [58387] Creating entry pagead2.googlesyndication.com in E:\devchallenge.it-qa-2\apache-jmeter-4.0\bin\proxyserver.jks
2018-05-29 22:10:15,004 INFO o.a.j.p.h.p.Proxy: [58386]  KeyStore for SSL loaded OK and put host 'ssl.google-analytics.com' in map with key (ssl.google-analytics.com)
2018-05-29 22:10:15,015 WARN o.a.j.p.h.p.Proxy: [58386]  Problem with SSL certificate for url  for 'ssl.google-analytics.com'? Ensure browser is set to accept the JMeter proxy cert: Software caused connection abort: recv failed
2018-05-29 22:10:17,570 INFO o.a.j.p.h.p.ProxyControl: [58417] Creating entry stats.g.doubleclick.net in E:\devchallenge.it-qa-2\apache-jmeter-4.0\bin\proxyserver.jks
2018-05-29 22:10:17,573 INFO o.a.j.p.h.p.Proxy: [58387]  KeyStore for SSL loaded OK and put host 'pagead2.googlesyndication.com' in map with key (pagead2.googlesyndication.com)
2018-05-29 22:10:17,584 WARN o.a.j.p.h.p.Proxy: [58387]  Problem with SSL certificate for url  for 'pagead2.googlesyndication.com'? Ensure browser is set to accept the JMeter proxy cert: Software caused connection abort: recv failed
2018-05-29 22:10:20,162 INFO o.a.j.p.h.p.Proxy: [58417]  KeyStore for SSL loaded OK and put host 'stats.g.doubleclick.net' in map with key (stats.g.doubleclick.net)
2018-05-29 22:10:20,442 INFO o.a.j.p.h.p.ProxyControl: [58421] Creating entry adservice.google.com.ua in E:\devchallenge.it-qa-2\apache-jmeter-4.0\bin\proxyserver.jks
2018-05-29 22:10:23,125 INFO o.a.j.p.h.p.ProxyControl: [58428] Creating entry googleads.g.doubleclick.net in E:\devchallenge.it-qa-2\apache-jmeter-4.0\bin\proxyserver.jks
2018-05-29 22:10:23,129 INFO o.a.j.p.h.p.Proxy: [58421]  KeyStore for SSL loaded OK and put host 'adservice.google.com.ua' in map with key (adservice.google.com.ua)
2018-05-29 22:10:25,666 INFO o.a.j.p.h.p.ProxyControl: [58422] Creating entry adservice.google.com in E:\devchallenge.it-qa-2\apache-jmeter-4.0\bin\proxyserver.jks
2018-05-29 22:10:25,666 INFO o.a.j.p.h.p.Proxy: [58428]  KeyStore for SSL loaded OK and put host 'googleads.g.doubleclick.net' in map with key (googleads.g.doubleclick.net)
2018-05-29 22:10:28,157 INFO o.a.j.p.h.p.Proxy: [58422]  KeyStore for SSL loaded OK and put host 'adservice.google.com' in map with key (adservice.google.com)
2018-05-29 22:11:25,112 INFO o.a.j.p.h.p.Daemon: HTTP(S) Test Script Recorder stopped
2018-05-29 22:11:25,919 INFO o.a.j.p.h.p.ProxyControl: Valid alias found for :root_ca:
2018-05-29 22:11:25,919 INFO o.a.j.p.h.p.ProxyControl: Valid alias found for :intermediate_ca:
2018-05-29 22:11:25,919 INFO o.a.j.p.h.p.Daemon: Creating Daemon Socket on port: 8889
2018-05-29 22:11:25,921 INFO o.a.j.p.h.p.Daemon: Test Script Recorder up and running!
2018-05-29 22:11:52,018 INFO o.a.j.p.h.p.ProxyControl: [58693] Creating entry home.openweathermap.org in E:\devchallenge.it-qa-2\apache-jmeter-4.0\bin\proxyserver.jks
2018-05-29 22:11:54,592 INFO o.a.j.p.h.p.Proxy: [58693]  KeyStore for SSL loaded OK and put host 'home.openweathermap.org' in map with key (home.openweathermap.org)
2018-05-29 22:11:55,021 INFO o.a.j.p.h.p.ProxyControl: [58702] Creating entry www.google.com in E:\devchallenge.it-qa-2\apache-jmeter-4.0\bin\proxyserver.jks
2018-05-29 22:11:57,413 INFO o.a.j.p.h.p.ProxyControl: [58710] Creating entry www.googletagmanager.com in E:\devchallenge.it-qa-2\apache-jmeter-4.0\bin\proxyserver.jks
2018-05-29 22:11:57,416 INFO o.a.j.p.h.p.Proxy: [58702]  KeyStore for SSL loaded OK and put host 'www.google.com' in map with key (www.google.com)
2018-05-29 22:11:59,762 INFO o.a.j.p.h.p.ProxyControl: [58713] Creating entry www.gstatic.com in E:\devchallenge.it-qa-2\apache-jmeter-4.0\bin\proxyserver.jks
2018-05-29 22:11:59,766 INFO o.a.j.p.h.p.Proxy: [58710]  KeyStore for SSL loaded OK and put host 'www.googletagmanager.com' in map with key (www.googletagmanager.com)
2018-05-29 22:12:02,134 INFO o.a.j.p.h.p.ProxyControl: [58716] Creating entry www.google-analytics.com in E:\devchallenge.it-qa-2\apache-jmeter-4.0\bin\proxyserver.jks
2018-05-29 22:12:02,138 INFO o.a.j.p.h.p.Proxy: [58713]  KeyStore for SSL loaded OK and put host 'www.gstatic.com' in map with key (www.gstatic.com)
2018-05-29 22:12:04,671 INFO o.a.j.p.h.p.ProxyControl: [58715] Creating entry d2wy8f7a9ursnm.cloudfront.net in E:\devchallenge.it-qa-2\apache-jmeter-4.0\bin\proxyserver.jks
2018-05-29 22:12:04,675 INFO o.a.j.p.h.p.Proxy: [58716]  KeyStore for SSL loaded OK and put host 'www.google-analytics.com' in map with key (www.google-analytics.com)
2018-05-29 22:12:07,051 INFO o.a.j.p.h.p.ProxyControl: [58728] Creating entry fonts.gstatic.com in E:\devchallenge.it-qa-2\apache-jmeter-4.0\bin\proxyserver.jks
2018-05-29 22:12:07,055 INFO o.a.j.p.h.p.Proxy: [58715]  KeyStore for SSL loaded OK and put host 'd2wy8f7a9ursnm.cloudfront.net' in map with key (d2wy8f7a9ursnm.cloudfront.net)
2018-05-29 22:12:09,169 INFO o.a.j.p.h.p.Proxy: [58728]  KeyStore for SSL loaded OK and put host 'fonts.gstatic.com' in map with key (fonts.gstatic.com)
2018-05-29 22:12:09,367 INFO o.a.j.p.h.p.ProxyControl: [58744] Creating entry js-agent.newrelic.com in E:\devchallenge.it-qa-2\apache-jmeter-4.0\bin\proxyserver.jks
2018-05-29 22:12:11,676 INFO o.a.j.p.h.p.Proxy: [58744]  KeyStore for SSL loaded OK and put host 'js-agent.newrelic.com' in map with key (js-agent.newrelic.com)
2018-05-29 22:12:11,958 INFO o.a.j.p.h.p.ProxyControl: [58749] Creating entry bam.nr-data.net in E:\devchallenge.it-qa-2\apache-jmeter-4.0\bin\proxyserver.jks
2018-05-29 22:12:14,012 INFO o.a.j.p.h.p.Proxy: [58749]  KeyStore for SSL loaded OK and put host 'bam.nr-data.net' in map with key (bam.nr-data.net)
2018-05-29 22:27:38,907 INFO o.a.j.p.h.p.ProxyControl: [60023] Creating entry csi.gstatic.com in E:\devchallenge.it-qa-2\apache-jmeter-4.0\bin\proxyserver.jks
2018-05-29 22:27:41,626 INFO o.a.j.p.h.p.Proxy: [60023]  KeyStore for SSL loaded OK and put host 'csi.gstatic.com' in map with key (csi.gstatic.com)
2018-05-29 22:29:35,612 INFO o.a.j.p.h.p.Daemon: HTTP(S) Test Script Recorder stopped
2018-05-29 22:29:54,455 INFO o.a.j.e.StandardJMeterEngine: Running the test!
2018-05-29 22:29:54,455 INFO o.a.j.s.SampleEvent: List of sample_variables: []
2018-05-29 22:29:54,460 INFO o.a.j.g.u.JMeterMenuBar: setRunning(true, *local*)
2018-05-29 22:29:54,784 INFO o.a.j.e.StandardJMeterEngine: Starting ThreadGroup: 1 : Sign in with correct credential 
2018-05-29 22:29:54,784 INFO o.a.j.e.StandardJMeterEngine: Starting 1 threads for group Sign in with correct credential .
2018-05-29 22:29:54,784 INFO o.a.j.e.StandardJMeterEngine: Thread will continue on error
2018-05-29 22:29:54,785 INFO o.a.j.t.ThreadGroup: Starting thread group... number=1 threads=1 ramp-up=1 perThread=1000.0 delayedStart=false
2018-05-29 22:29:54,789 INFO o.a.j.t.ThreadGroup: Started thread group number 1
2018-05-29 22:29:54,789 INFO o.a.j.e.StandardJMeterEngine: All thread groups have been started
2018-05-29 22:29:54,806 INFO o.a.j.t.JMeterThread: Thread started: Sign in with correct credential  1-1
2018-05-29 22:30:01,575 INFO o.a.j.t.JMeterThread: Thread is done: Sign in with correct credential  1-1
2018-05-29 22:30:01,576 INFO o.a.j.t.JMeterThread: Thread finished: Sign in with correct credential  1-1
2018-05-29 22:30:01,576 INFO o.a.j.e.StandardJMeterEngine: Notifying test listeners of end of test
2018-05-29 22:30:01,577 INFO o.a.j.g.u.JMeterMenuBar: setRunning(false, *local*)
2018-05-29 22:36:39,379 INFO o.a.j.e.StandardJMeterEngine: Running the test!
2018-05-29 22:36:39,380 INFO o.a.j.s.SampleEvent: List of sample_variables: []
2018-05-29 22:36:39,386 INFO o.a.j.g.u.JMeterMenuBar: setRunning(true, *local*)
2018-05-29 22:36:39,613 INFO o.a.j.e.StandardJMeterEngine: Starting ThreadGroup: 1 : Sign in with correct credential 
2018-05-29 22:36:39,614 INFO o.a.j.e.StandardJMeterEngine: Starting 1 threads for group Sign in with correct credential .
2018-05-29 22:36:39,614 INFO o.a.j.e.StandardJMeterEngine: Thread will continue on error
2018-05-29 22:36:39,614 INFO o.a.j.t.ThreadGroup: Starting thread group... number=1 threads=1 ramp-up=1 perThread=1000.0 delayedStart=false
2018-05-29 22:36:39,614 INFO o.a.j.t.ThreadGroup: Started thread group number 1
2018-05-29 22:36:39,615 INFO o.a.j.e.StandardJMeterEngine: All thread groups have been started
2018-05-29 22:36:39,618 INFO o.a.j.t.JMeterThread: Thread started: Sign in with correct credential  1-1
2018-05-29 22:36:40,745 INFO o.a.j.t.JMeterThread: Thread is done: Sign in with correct credential  1-1
2018-05-29 22:36:40,745 INFO o.a.j.t.JMeterThread: Thread finished: Sign in with correct credential  1-1
2018-05-29 22:36:40,746 INFO o.a.j.e.StandardJMeterEngine: Notifying test listeners of end of test
2018-05-29 22:36:40,746 INFO o.a.j.g.u.JMeterMenuBar: setRunning(false, *local*)
2018-05-29 22:37:50,648 INFO o.a.j.e.StandardJMeterEngine: Running the test!
2018-05-29 22:37:50,651 INFO o.a.j.s.SampleEvent: List of sample_variables: []
2018-05-29 22:37:50,654 INFO o.a.j.g.u.JMeterMenuBar: setRunning(true, *local*)
2018-05-29 22:37:50,884 INFO o.a.j.e.StandardJMeterEngine: Starting ThreadGroup: 1 : Sign in with correct credential 
2018-05-29 22:37:50,884 INFO o.a.j.e.StandardJMeterEngine: Starting 1 threads for group Sign in with correct credential .
2018-05-29 22:37:50,884 INFO o.a.j.e.StandardJMeterEngine: Thread will continue on error
2018-05-29 22:37:50,885 INFO o.a.j.t.ThreadGroup: Starting thread group... number=1 threads=1 ramp-up=1 perThread=1000.0 delayedStart=false
2018-05-29 22:37:50,885 INFO o.a.j.t.ThreadGroup: Started thread group number 1
2018-05-29 22:37:50,885 INFO o.a.j.e.StandardJMeterEngine: All thread groups have been started
2018-05-29 22:37:50,893 INFO o.a.j.t.JMeterThread: Thread started: Sign in with correct credential  1-1
2018-05-29 22:37:51,967 INFO o.a.j.t.JMeterThread: Thread is done: Sign in with correct credential  1-1
2018-05-29 22:37:51,967 INFO o.a.j.t.JMeterThread: Thread finished: Sign in with correct credential  1-1
2018-05-29 22:37:51,968 INFO o.a.j.e.StandardJMeterEngine: Notifying test listeners of end of test
2018-05-29 22:37:51,968 INFO o.a.j.g.u.JMeterMenuBar: setRunning(false, *local*)
2018-05-29 22:38:32,683 INFO o.a.j.e.StandardJMeterEngine: Running the test!
2018-05-29 22:38:32,684 INFO o.a.j.s.SampleEvent: List of sample_variables: []
2018-05-29 22:38:32,685 INFO o.a.j.g.u.JMeterMenuBar: setRunning(true, *local*)
2018-05-29 22:38:32,883 INFO o.a.j.e.StandardJMeterEngine: Starting ThreadGroup: 1 : Sign in with incorrect credential 
2018-05-29 22:38:32,884 INFO o.a.j.e.StandardJMeterEngine: Starting 1 threads for group Sign in with incorrect credential .
2018-05-29 22:38:32,884 INFO o.a.j.e.StandardJMeterEngine: Thread will continue on error
2018-05-29 22:38:32,884 INFO o.a.j.t.ThreadGroup: Starting thread group... number=1 threads=1 ramp-up=1 perThread=1000.0 delayedStart=false
2018-05-29 22:38:32,884 INFO o.a.j.t.ThreadGroup: Started thread group number 1
2018-05-29 22:38:32,884 INFO o.a.j.e.StandardJMeterEngine: All thread groups have been started
2018-05-29 22:38:32,885 INFO o.a.j.t.JMeterThread: Thread started: Sign in with incorrect credential  1-1
2018-05-29 22:38:36,196 INFO o.a.j.t.JMeterThread: Thread is done: Sign in with incorrect credential  1-1
2018-05-29 22:38:36,196 INFO o.a.j.t.JMeterThread: Thread finished: Sign in with incorrect credential  1-1
2018-05-29 22:38:36,197 INFO o.a.j.e.StandardJMeterEngine: Notifying test listeners of end of test
2018-05-29 22:38:36,197 INFO o.a.j.g.u.JMeterMenuBar: setRunning(false, *local*)
2018-05-29 22:39:34,685 INFO o.a.j.e.StandardJMeterEngine: Running the test!
2018-05-29 22:39:34,685 INFO o.a.j.s.SampleEvent: List of sample_variables: []
2018-05-29 22:39:34,686 INFO o.a.j.g.u.JMeterMenuBar: setRunning(true, *local*)
2018-05-29 22:39:34,906 INFO o.a.j.e.StandardJMeterEngine: Starting ThreadGroup: 1 : Sign in with incorrect credential 
2018-05-29 22:39:34,907 INFO o.a.j.e.StandardJMeterEngine: Starting 1 threads for group Sign in with incorrect credential .
2018-05-29 22:39:34,907 INFO o.a.j.e.StandardJMeterEngine: Thread will continue on error
2018-05-29 22:39:34,907 INFO o.a.j.t.ThreadGroup: Starting thread group... number=1 threads=1 ramp-up=1 perThread=1000.0 delayedStart=false
2018-05-29 22:39:34,907 INFO o.a.j.t.ThreadGroup: Started thread group number 1
2018-05-29 22:39:34,907 INFO o.a.j.e.StandardJMeterEngine: All thread groups have been started
2018-05-29 22:39:34,908 INFO o.a.j.t.JMeterThread: Thread started: Sign in with incorrect credential  1-1
2018-05-29 22:39:35,299 INFO o.a.j.t.JMeterThread: Thread is done: Sign in with incorrect credential  1-1
2018-05-29 22:39:35,300 INFO o.a.j.t.JMeterThread: Thread finished: Sign in with incorrect credential  1-1
2018-05-29 22:39:35,300 INFO o.a.j.e.StandardJMeterEngine: Notifying test listeners of end of test
2018-05-29 22:39:35,300 INFO o.a.j.g.u.JMeterMenuBar: setRunning(false, *local*)
2018-05-29 22:40:23,913 INFO o.a.j.e.StandardJMeterEngine: Running the test!
2018-05-29 22:40:23,913 INFO o.a.j.s.SampleEvent: List of sample_variables: []
2018-05-29 22:40:23,914 INFO o.a.j.g.u.JMeterMenuBar: setRunning(true, *local*)
2018-05-29 22:40:24,123 INFO o.a.j.e.StandardJMeterEngine: Starting ThreadGroup: 1 : Sign in with incorrect credential 
2018-05-29 22:40:24,123 INFO o.a.j.e.StandardJMeterEngine: Starting 1 threads for group Sign in with incorrect credential .
2018-05-29 22:40:24,123 INFO o.a.j.e.StandardJMeterEngine: Thread will continue on error
2018-05-29 22:40:24,124 INFO o.a.j.t.ThreadGroup: Starting thread group... number=1 threads=1 ramp-up=1 perThread=1000.0 delayedStart=false
2018-05-29 22:40:24,125 INFO o.a.j.t.ThreadGroup: Started thread group number 1
2018-05-29 22:40:24,125 INFO o.a.j.e.StandardJMeterEngine: All thread groups have been started
2018-05-29 22:40:24,126 INFO o.a.j.t.JMeterThread: Thread started: Sign in with incorrect credential  1-1
2018-05-29 22:40:24,497 INFO o.a.j.t.JMeterThread: Thread is done: Sign in with incorrect credential  1-1
2018-05-29 22:40:24,497 INFO o.a.j.t.JMeterThread: Thread finished: Sign in with incorrect credential  1-1
2018-05-29 22:40:24,498 INFO o.a.j.e.StandardJMeterEngine: Notifying test listeners of end of test
2018-05-29 22:40:24,498 INFO o.a.j.g.u.JMeterMenuBar: setRunning(false, *local*)
2018-05-29 22:40:53,271 INFO o.a.j.e.StandardJMeterEngine: Running the test!
2018-05-29 22:40:53,272 INFO o.a.j.s.SampleEvent: List of sample_variables: []
2018-05-29 22:40:53,272 INFO o.a.j.g.u.JMeterMenuBar: setRunning(true, *local*)
2018-05-29 22:40:53,482 INFO o.a.j.e.StandardJMeterEngine: Starting ThreadGroup: 1 : Sign up with correct data 
2018-05-29 22:40:53,482 INFO o.a.j.e.StandardJMeterEngine: Starting 1 threads for group Sign up with correct data .
2018-05-29 22:40:53,482 INFO o.a.j.e.StandardJMeterEngine: Thread will continue on error
2018-05-29 22:40:53,482 INFO o.a.j.t.ThreadGroup: Starting thread group... number=1 threads=1 ramp-up=1 perThread=1000.0 delayedStart=false
2018-05-29 22:40:53,483 INFO o.a.j.t.ThreadGroup: Started thread group number 1
2018-05-29 22:40:53,483 INFO o.a.j.e.StandardJMeterEngine: All thread groups have been started
2018-05-29 22:40:53,484 INFO o.a.j.t.JMeterThread: Thread started: Sign up with correct data  1-1
2018-05-29 22:40:57,422 INFO o.a.j.t.JMeterThread: Thread is done: Sign up with correct data  1-1
2018-05-29 22:40:57,422 INFO o.a.j.t.JMeterThread: Thread finished: Sign up with correct data  1-1
2018-05-29 22:40:57,423 INFO o.a.j.e.StandardJMeterEngine: Notifying test listeners of end of test
2018-05-29 22:40:57,424 INFO o.a.j.g.u.JMeterMenuBar: setRunning(false, *local*)
2018-05-29 22:42:10,528 INFO o.a.j.e.StandardJMeterEngine: Running the test!
2018-05-29 22:42:10,528 INFO o.a.j.s.SampleEvent: List of sample_variables: []
2018-05-29 22:42:10,529 INFO o.a.j.g.u.JMeterMenuBar: setRunning(true, *local*)
2018-05-29 22:42:10,748 INFO o.a.j.e.StandardJMeterEngine: Starting ThreadGroup: 1 : Sign up with correct data 
2018-05-29 22:42:10,748 INFO o.a.j.e.StandardJMeterEngine: Starting 1 threads for group Sign up with correct data .
2018-05-29 22:42:10,748 INFO o.a.j.e.StandardJMeterEngine: Thread will continue on error
2018-05-29 22:42:10,748 INFO o.a.j.t.ThreadGroup: Starting thread group... number=1 threads=1 ramp-up=1 perThread=1000.0 delayedStart=false
2018-05-29 22:42:10,749 INFO o.a.j.t.ThreadGroup: Started thread group number 1
2018-05-29 22:42:10,749 INFO o.a.j.e.StandardJMeterEngine: All thread groups have been started
2018-05-29 22:42:10,749 INFO o.a.j.t.JMeterThread: Thread started: Sign up with correct data  1-1
2018-05-29 22:42:14,291 INFO o.a.j.t.JMeterThread: Thread is done: Sign up with correct data  1-1
2018-05-29 22:42:14,291 INFO o.a.j.t.JMeterThread: Thread finished: Sign up with correct data  1-1
2018-05-29 22:42:14,291 INFO o.a.j.e.StandardJMeterEngine: Notifying test listeners of end of test
2018-05-29 22:42:14,292 INFO o.a.j.g.u.JMeterMenuBar: setRunning(false, *local*)
2018-05-29 22:42:57,714 INFO o.a.j.e.StandardJMeterEngine: Running the test!
2018-05-29 22:42:57,714 INFO o.a.j.s.SampleEvent: List of sample_variables: []
2018-05-29 22:42:57,715 INFO o.a.j.g.u.JMeterMenuBar: setRunning(true, *local*)
2018-05-29 22:42:57,908 INFO o.a.j.e.StandardJMeterEngine: Starting ThreadGroup: 1 : Sign up with correct data 
2018-05-29 22:42:57,908 INFO o.a.j.e.StandardJMeterEngine: Starting 1 threads for group Sign up with correct data .
2018-05-29 22:42:57,908 INFO o.a.j.e.StandardJMeterEngine: Thread will continue on error
2018-05-29 22:42:57,908 INFO o.a.j.t.ThreadGroup: Starting thread group... number=1 threads=1 ramp-up=1 perThread=1000.0 delayedStart=false
2018-05-29 22:42:57,909 INFO o.a.j.t.ThreadGroup: Started thread group number 1
2018-05-29 22:42:57,909 INFO o.a.j.e.StandardJMeterEngine: All thread groups have been started
2018-05-29 22:42:57,909 INFO o.a.j.t.JMeterThread: Thread started: Sign up with correct data  1-1
2018-05-29 22:43:01,247 INFO o.a.j.t.JMeterThread: Thread is done: Sign up with correct data  1-1
2018-05-29 22:43:01,248 INFO o.a.j.t.JMeterThread: Thread finished: Sign up with correct data  1-1
2018-05-29 22:43:01,248 INFO o.a.j.e.StandardJMeterEngine: Notifying test listeners of end of test
2018-05-29 22:43:01,249 INFO o.a.j.g.u.JMeterMenuBar: setRunning(false, *local*)
2018-05-29 22:48:26,421 INFO o.a.j.e.StandardJMeterEngine: Running the test!
2018-05-29 22:48:26,422 INFO o.a.j.s.SampleEvent: List of sample_variables: []
2018-05-29 22:48:26,423 INFO o.a.j.g.u.JMeterMenuBar: setRunning(true, *local*)
2018-05-29 22:48:26,724 INFO o.a.j.e.StandardJMeterEngine: Starting ThreadGroup: 1 : Sign up without recaptcha
2018-05-29 22:48:26,724 INFO o.a.j.e.StandardJMeterEngine: Starting 1 threads for group Sign up without recaptcha.
2018-05-29 22:48:26,724 INFO o.a.j.e.StandardJMeterEngine: Thread will continue on error
2018-05-29 22:48:26,724 INFO o.a.j.t.ThreadGroup: Starting thread group... number=1 threads=1 ramp-up=1 perThread=1000.0 delayedStart=false
2018-05-29 22:48:26,724 INFO o.a.j.t.ThreadGroup: Started thread group number 1
2018-05-29 22:48:26,725 INFO o.a.j.e.StandardJMeterEngine: All thread groups have been started
2018-05-29 22:48:26,726 INFO o.a.j.t.JMeterThread: Thread started: Sign up without recaptcha 1-1
2018-05-29 22:48:27,583 INFO o.a.j.t.JMeterThread: Thread is done: Sign up without recaptcha 1-1
2018-05-29 22:48:27,583 INFO o.a.j.t.JMeterThread: Thread finished: Sign up without recaptcha 1-1
2018-05-29 22:48:27,584 INFO o.a.j.e.StandardJMeterEngine: Notifying test listeners of end of test
2018-05-29 22:48:27,584 INFO o.a.j.g.u.JMeterMenuBar: setRunning(false, *local*)
2018-05-29 22:49:44,627 INFO o.a.j.e.StandardJMeterEngine: Running the test!
2018-05-29 22:49:44,628 INFO o.a.j.s.SampleEvent: List of sample_variables: []
2018-05-29 22:49:44,628 INFO o.a.j.g.u.JMeterMenuBar: setRunning(true, *local*)
2018-05-29 22:49:44,895 INFO o.a.j.e.StandardJMeterEngine: Starting ThreadGroup: 1 : Create API key 
2018-05-29 22:49:44,896 INFO o.a.j.e.StandardJMeterEngine: Starting 1 threads for group Create API key .
2018-05-29 22:49:44,896 INFO o.a.j.e.StandardJMeterEngine: Thread will continue on error
2018-05-29 22:49:44,896 INFO o.a.j.t.ThreadGroup: Starting thread group... number=1 threads=1 ramp-up=1 perThread=1000.0 delayedStart=false
2018-05-29 22:49:44,896 INFO o.a.j.t.ThreadGroup: Started thread group number 1
2018-05-29 22:49:44,896 INFO o.a.j.e.StandardJMeterEngine: All thread groups have been started
2018-05-29 22:49:44,898 INFO o.a.j.t.JMeterThread: Thread started: Create API key  1-1
2018-05-29 22:49:51,916 INFO o.a.j.t.JMeterThread: Thread is done: Create API key  1-1
2018-05-29 22:49:51,916 INFO o.a.j.t.JMeterThread: Thread finished: Create API key  1-1
2018-05-29 22:49:51,916 INFO o.a.j.e.StandardJMeterEngine: Notifying test listeners of end of test
2018-05-29 22:49:51,917 INFO o.a.j.g.u.JMeterMenuBar: setRunning(false, *local*)
2018-05-29 22:50:38,878 INFO o.a.j.e.StandardJMeterEngine: Running the test!
2018-05-29 22:50:38,878 INFO o.a.j.s.SampleEvent: List of sample_variables: []
2018-05-29 22:50:38,879 INFO o.a.j.g.u.JMeterMenuBar: setRunning(true, *local*)
2018-05-29 22:50:39,081 INFO o.a.j.e.StandardJMeterEngine: Starting ThreadGroup: 1 : Create API key 
2018-05-29 22:50:39,082 INFO o.a.j.e.StandardJMeterEngine: Starting 1 threads for group Create API key .
2018-05-29 22:50:39,082 INFO o.a.j.e.StandardJMeterEngine: Thread will continue on error
2018-05-29 22:50:39,082 INFO o.a.j.t.ThreadGroup: Starting thread group... number=1 threads=1 ramp-up=1 perThread=1000.0 delayedStart=false
2018-05-29 22:50:39,082 INFO o.a.j.t.ThreadGroup: Started thread group number 1
2018-05-29 22:50:39,082 INFO o.a.j.e.StandardJMeterEngine: All thread groups have been started
2018-05-29 22:50:39,083 INFO o.a.j.t.JMeterThread: Thread started: Create API key  1-1
2018-05-29 22:50:40,391 INFO o.a.j.t.JMeterThread: Thread is done: Create API key  1-1
2018-05-29 22:50:40,391 INFO o.a.j.t.JMeterThread: Thread finished: Create API key  1-1
2018-05-29 22:50:40,391 INFO o.a.j.e.StandardJMeterEngine: Notifying test listeners of end of test
2018-05-29 22:50:40,392 INFO o.a.j.g.u.JMeterMenuBar: setRunning(false, *local*)
2018-05-29 22:51:57,209 INFO o.a.j.e.StandardJMeterEngine: Running the test!
2018-05-29 22:51:57,209 INFO o.a.j.s.SampleEvent: List of sample_variables: []
2018-05-29 22:51:57,209 INFO o.a.j.g.u.JMeterMenuBar: setRunning(true, *local*)
2018-05-29 22:51:57,449 INFO o.a.j.e.StandardJMeterEngine: Starting ThreadGroup: 1 : Create API key 
2018-05-29 22:51:57,450 INFO o.a.j.e.StandardJMeterEngine: Starting 1 threads for group Create API key .
2018-05-29 22:51:57,450 INFO o.a.j.e.StandardJMeterEngine: Thread will continue on error
2018-05-29 22:51:57,450 INFO o.a.j.t.ThreadGroup: Starting thread group... number=1 threads=1 ramp-up=1 perThread=1000.0 delayedStart=false
2018-05-29 22:51:57,450 INFO o.a.j.t.ThreadGroup: Started thread group number 1
2018-05-29 22:51:57,450 INFO o.a.j.e.StandardJMeterEngine: All thread groups have been started
2018-05-29 22:51:57,451 INFO o.a.j.t.JMeterThread: Thread started: Create API key  1-1
2018-05-29 22:51:58,809 INFO o.a.j.t.JMeterThread: Thread is done: Create API key  1-1
2018-05-29 22:51:58,809 INFO o.a.j.t.JMeterThread: Thread finished: Create API key  1-1
2018-05-29 22:51:58,809 INFO o.a.j.e.StandardJMeterEngine: Notifying test listeners of end of test
2018-05-29 22:51:58,810 INFO o.a.j.g.u.JMeterMenuBar: setRunning(false, *local*)
2018-05-29 22:52:22,143 INFO o.a.j.e.StandardJMeterEngine: Running the test!
2018-05-29 22:52:22,143 INFO o.a.j.s.SampleEvent: List of sample_variables: []
2018-05-29 22:52:22,143 INFO o.a.j.g.u.JMeterMenuBar: setRunning(true, *local*)
2018-05-29 22:52:22,336 INFO o.a.j.e.StandardJMeterEngine: Starting ThreadGroup: 1 : Create API key without name 
2018-05-29 22:52:22,336 INFO o.a.j.e.StandardJMeterEngine: Starting 1 threads for group Create API key without name .
2018-05-29 22:52:22,336 INFO o.a.j.e.StandardJMeterEngine: Thread will continue on error
2018-05-29 22:52:22,336 INFO o.a.j.t.ThreadGroup: Starting thread group... number=1 threads=1 ramp-up=1 perThread=1000.0 delayedStart=false
2018-05-29 22:52:22,337 INFO o.a.j.t.ThreadGroup: Started thread group number 1
2018-05-29 22:52:22,337 INFO o.a.j.e.StandardJMeterEngine: All thread groups have been started
2018-05-29 22:52:22,338 INFO o.a.j.t.JMeterThread: Thread started: Create API key without name  1-1
2018-05-29 22:52:23,749 INFO o.a.j.t.JMeterThread: Thread is done: Create API key without name  1-1
2018-05-29 22:52:23,749 INFO o.a.j.t.JMeterThread: Thread finished: Create API key without name  1-1
2018-05-29 22:52:23,750 INFO o.a.j.e.StandardJMeterEngine: Notifying test listeners of end of test
2018-05-29 22:52:23,750 INFO o.a.j.g.u.JMeterMenuBar: setRunning(false, *local*)
2018-05-29 22:53:49,827 INFO o.a.j.e.StandardJMeterEngine: Running the test!
2018-05-29 22:53:49,827 INFO o.a.j.s.SampleEvent: List of sample_variables: []
2018-05-29 22:53:49,827 INFO o.a.j.g.u.JMeterMenuBar: setRunning(true, *local*)
2018-05-29 22:53:50,058 INFO o.a.j.e.StandardJMeterEngine: Starting ThreadGroup: 1 : Edit API key 
2018-05-29 22:53:50,058 INFO o.a.j.e.StandardJMeterEngine: Starting 1 threads for group Edit API key .
2018-05-29 22:53:50,058 INFO o.a.j.e.StandardJMeterEngine: Thread will continue on error
2018-05-29 22:53:50,058 INFO o.a.j.t.ThreadGroup: Starting thread group... number=1 threads=1 ramp-up=1 perThread=1000.0 delayedStart=false
2018-05-29 22:53:50,058 INFO o.a.j.t.ThreadGroup: Started thread group number 1
2018-05-29 22:53:50,058 INFO o.a.j.e.StandardJMeterEngine: All thread groups have been started
2018-05-29 22:53:50,059 INFO o.a.j.t.JMeterThread: Thread started: Edit API key  1-1
2018-05-29 22:53:53,904 INFO o.a.j.t.JMeterThread: Thread is done: Edit API key  1-1
2018-05-29 22:53:53,904 INFO o.a.j.t.JMeterThread: Thread finished: Edit API key  1-1
2018-05-29 22:53:53,904 INFO o.a.j.e.StandardJMeterEngine: Notifying test listeners of end of test
2018-05-29 22:53:53,905 INFO o.a.j.g.u.JMeterMenuBar: setRunning(false, *local*)
2018-05-29 22:54:05,631 INFO o.a.j.e.StandardJMeterEngine: Running the test!
2018-05-29 22:54:05,632 INFO o.a.j.s.SampleEvent: List of sample_variables: []
2018-05-29 22:54:05,633 INFO o.a.j.g.u.JMeterMenuBar: setRunning(true, *local*)
2018-05-29 22:54:05,848 INFO o.a.j.e.StandardJMeterEngine: Starting ThreadGroup: 1 : Edit API key 
2018-05-29 22:54:05,848 INFO o.a.j.e.StandardJMeterEngine: Starting 1 threads for group Edit API key .
2018-05-29 22:54:05,848 INFO o.a.j.e.StandardJMeterEngine: Thread will continue on error
2018-05-29 22:54:05,849 INFO o.a.j.t.ThreadGroup: Starting thread group... number=1 threads=1 ramp-up=1 perThread=1000.0 delayedStart=false
2018-05-29 22:54:05,849 INFO o.a.j.t.ThreadGroup: Started thread group number 1
2018-05-29 22:54:05,849 INFO o.a.j.e.StandardJMeterEngine: All thread groups have been started
2018-05-29 22:54:05,850 INFO o.a.j.t.JMeterThread: Thread started: Edit API key  1-1
2018-05-29 22:54:09,752 INFO o.a.j.t.JMeterThread: Thread is done: Edit API key  1-1
2018-05-29 22:54:09,753 INFO o.a.j.t.JMeterThread: Thread finished: Edit API key  1-1
2018-05-29 22:54:09,753 INFO o.a.j.e.StandardJMeterEngine: Notifying test listeners of end of test
2018-05-29 22:54:09,753 INFO o.a.j.g.u.JMeterMenuBar: setRunning(false, *local*)
2018-05-29 22:57:35,127 INFO o.a.j.e.StandardJMeterEngine: Running the test!
2018-05-29 22:57:35,128 INFO o.a.j.s.SampleEvent: List of sample_variables: []
2018-05-29 22:57:35,129 INFO o.a.j.g.u.JMeterMenuBar: setRunning(true, *local*)
2018-05-29 22:57:35,355 INFO o.a.j.e.StandardJMeterEngine: Starting ThreadGroup: 1 : Edit API key 
2018-05-29 22:57:35,355 INFO o.a.j.e.StandardJMeterEngine: Starting 1 threads for group Edit API key .
2018-05-29 22:57:35,355 INFO o.a.j.e.StandardJMeterEngine: Thread will continue on error
2018-05-29 22:57:35,355 INFO o.a.j.t.ThreadGroup: Starting thread group... number=1 threads=1 ramp-up=1 perThread=1000.0 delayedStart=false
2018-05-29 22:57:35,355 INFO o.a.j.t.ThreadGroup: Started thread group number 1
2018-05-29 22:57:35,356 INFO o.a.j.e.StandardJMeterEngine: All thread groups have been started
2018-05-29 22:57:35,359 INFO o.a.j.t.JMeterThread: Thread started: Edit API key  1-1
2018-05-29 22:57:36,648 INFO o.a.j.t.JMeterThread: Thread is done: Edit API key  1-1
2018-05-29 22:57:36,648 INFO o.a.j.t.JMeterThread: Thread finished: Edit API key  1-1
2018-05-29 22:57:36,649 INFO o.a.j.e.StandardJMeterEngine: Notifying test listeners of end of test
2018-05-29 22:57:36,649 INFO o.a.j.g.u.JMeterMenuBar: setRunning(false, *local*)
2018-05-29 22:58:51,766 INFO o.a.j.e.StandardJMeterEngine: Running the test!
2018-05-29 22:58:51,766 INFO o.a.j.s.SampleEvent: List of sample_variables: []
2018-05-29 22:58:51,767 INFO o.a.j.g.u.JMeterMenuBar: setRunning(true, *local*)
2018-05-29 22:58:52,000 INFO o.a.j.e.StandardJMeterEngine: Starting ThreadGroup: 1 : Edit API key 
2018-05-29 22:58:52,000 INFO o.a.j.e.StandardJMeterEngine: Starting 1 threads for group Edit API key .
2018-05-29 22:58:52,000 INFO o.a.j.e.StandardJMeterEngine: Thread will continue on error
2018-05-29 22:58:52,000 INFO o.a.j.t.ThreadGroup: Starting thread group... number=1 threads=1 ramp-up=1 perThread=1000.0 delayedStart=false
2018-05-29 22:58:52,000 INFO o.a.j.t.ThreadGroup: Started thread group number 1
2018-05-29 22:58:52,001 INFO o.a.j.e.StandardJMeterEngine: All thread groups have been started
2018-05-29 22:58:52,001 INFO o.a.j.t.JMeterThread: Thread started: Edit API key  1-1
2018-05-29 22:58:53,394 INFO o.a.j.t.JMeterThread: Thread is done: Edit API key  1-1
2018-05-29 22:58:53,394 INFO o.a.j.t.JMeterThread: Thread finished: Edit API key  1-1
2018-05-29 22:58:53,394 INFO o.a.j.e.StandardJMeterEngine: Notifying test listeners of end of test
2018-05-29 22:58:53,394 INFO o.a.j.g.u.JMeterMenuBar: setRunning(false, *local*)
2018-05-29 22:59:26,536 INFO o.a.j.e.StandardJMeterEngine: Running the test!
2018-05-29 22:59:26,537 INFO o.a.j.s.SampleEvent: List of sample_variables: []
2018-05-29 22:59:26,537 INFO o.a.j.g.u.JMeterMenuBar: setRunning(true, *local*)
2018-05-29 22:59:26,759 INFO o.a.j.e.StandardJMeterEngine: Starting ThreadGroup: 1 : Delete API key 
2018-05-29 22:59:26,759 INFO o.a.j.e.StandardJMeterEngine: Starting 1 threads for group Delete API key .
2018-05-29 22:59:26,759 INFO o.a.j.e.StandardJMeterEngine: Thread will continue on error
2018-05-29 22:59:26,760 INFO o.a.j.t.ThreadGroup: Starting thread group... number=1 threads=1 ramp-up=1 perThread=1000.0 delayedStart=false
2018-05-29 22:59:26,760 INFO o.a.j.t.ThreadGroup: Started thread group number 1
2018-05-29 22:59:26,760 INFO o.a.j.e.StandardJMeterEngine: All thread groups have been started
2018-05-29 22:59:26,761 INFO o.a.j.t.JMeterThread: Thread started: Delete API key  1-1
2018-05-29 22:59:27,960 INFO o.a.j.t.JMeterThread: Thread is done: Delete API key  1-1
2018-05-29 22:59:27,960 INFO o.a.j.t.JMeterThread: Thread finished: Delete API key  1-1
2018-05-29 22:59:27,961 INFO o.a.j.e.StandardJMeterEngine: Notifying test listeners of end of test
2018-05-29 22:59:27,961 INFO o.a.j.g.u.JMeterMenuBar: setRunning(false, *local*)
2018-05-29 23:02:35,175 INFO o.a.j.e.StandardJMeterEngine: Running the test!
2018-05-29 23:02:35,175 INFO o.a.j.s.SampleEvent: List of sample_variables: []
2018-05-29 23:02:35,176 INFO o.a.j.g.u.JMeterMenuBar: setRunning(true, *local*)
2018-05-29 23:02:35,405 INFO o.a.j.e.StandardJMeterEngine: Starting ThreadGroup: 1 : Edit API key 
2018-05-29 23:02:35,406 INFO o.a.j.e.StandardJMeterEngine: Starting 1 threads for group Edit API key .
2018-05-29 23:02:35,406 INFO o.a.j.e.StandardJMeterEngine: Thread will continue on error
2018-05-29 23:02:35,406 INFO o.a.j.t.ThreadGroup: Starting thread group... number=1 threads=1 ramp-up=1 perThread=1000.0 delayedStart=false
2018-05-29 23:02:35,406 INFO o.a.j.t.ThreadGroup: Started thread group number 1
2018-05-29 23:02:35,406 INFO o.a.j.e.StandardJMeterEngine: All thread groups have been started
2018-05-29 23:02:35,407 INFO o.a.j.t.JMeterThread: Thread started: Edit API key  1-1
2018-05-29 23:02:36,662 INFO o.a.j.t.JMeterThread: Thread is done: Edit API key  1-1
2018-05-29 23:02:36,662 INFO o.a.j.t.JMeterThread: Thread finished: Edit API key  1-1
2018-05-29 23:02:36,662 INFO o.a.j.e.StandardJMeterEngine: Notifying test listeners of end of test
2018-05-29 23:02:36,663 INFO o.a.j.g.u.JMeterMenuBar: setRunning(false, *local*)
2018-05-29 23:03:06,952 INFO o.a.j.e.StandardJMeterEngine: Running the test!
2018-05-29 23:03:06,953 INFO o.a.j.s.SampleEvent: List of sample_variables: []
2018-05-29 23:03:06,953 INFO o.a.j.g.u.JMeterMenuBar: setRunning(true, *local*)
2018-05-29 23:03:07,144 INFO o.a.j.e.StandardJMeterEngine: Starting ThreadGroup: 1 : Delete API key 
2018-05-29 23:03:07,144 INFO o.a.j.e.StandardJMeterEngine: Starting 1 threads for group Delete API key .
2018-05-29 23:03:07,144 INFO o.a.j.e.StandardJMeterEngine: Thread will continue on error
2018-05-29 23:03:07,144 INFO o.a.j.t.ThreadGroup: Starting thread group... number=1 threads=1 ramp-up=1 perThread=1000.0 delayedStart=false
2018-05-29 23:03:07,145 INFO o.a.j.t.ThreadGroup: Started thread group number 1
2018-05-29 23:03:07,145 INFO o.a.j.e.StandardJMeterEngine: All thread groups have been started
2018-05-29 23:03:07,145 INFO o.a.j.t.JMeterThread: Thread started: Delete API key  1-1
2018-05-29 23:03:08,407 INFO o.a.j.t.JMeterThread: Thread is done: Delete API key  1-1
2018-05-29 23:03:08,407 INFO o.a.j.t.JMeterThread: Thread finished: Delete API key  1-1
2018-05-29 23:03:08,408 INFO o.a.j.e.StandardJMeterEngine: Notifying test listeners of end of test
2018-05-29 23:03:08,408 INFO o.a.j.g.u.JMeterMenuBar: setRunning(false, *local*)
2018-05-29 23:03:51,942 INFO o.a.j.e.StandardJMeterEngine: Running the test!
2018-05-29 23:03:51,942 INFO o.a.j.s.SampleEvent: List of sample_variables: []
2018-05-29 23:03:51,943 INFO o.a.j.g.u.JMeterMenuBar: setRunning(true, *local*)
2018-05-29 23:03:52,147 INFO o.a.j.e.StandardJMeterEngine: Starting ThreadGroup: 1 : Logout 
2018-05-29 23:03:52,148 INFO o.a.j.e.StandardJMeterEngine: Starting 1 threads for group Logout .
2018-05-29 23:03:52,148 INFO o.a.j.e.StandardJMeterEngine: Thread will continue on error
2018-05-29 23:03:52,148 INFO o.a.j.t.ThreadGroup: Starting thread group... number=1 threads=1 ramp-up=1 perThread=1000.0 delayedStart=false
2018-05-29 23:03:52,148 INFO o.a.j.t.ThreadGroup: Started thread group number 1
2018-05-29 23:03:52,148 INFO o.a.j.e.StandardJMeterEngine: All thread groups have been started
2018-05-29 23:03:52,149 INFO o.a.j.t.JMeterThread: Thread started: Logout  1-1
2018-05-29 23:03:56,660 INFO o.a.j.t.JMeterThread: Thread is done: Logout  1-1
2018-05-29 23:03:56,661 INFO o.a.j.t.JMeterThread: Thread finished: Logout  1-1
2018-05-29 23:03:56,661 INFO o.a.j.e.StandardJMeterEngine: Notifying test listeners of end of test
2018-05-29 23:03:56,661 INFO o.a.j.g.u.JMeterMenuBar: setRunning(false, *local*)
2018-05-29 23:04:15,250 INFO o.a.j.e.StandardJMeterEngine: Running the test!
2018-05-29 23:04:15,251 INFO o.a.j.s.SampleEvent: List of sample_variables: []
2018-05-29 23:04:15,251 INFO o.a.j.g.u.JMeterMenuBar: setRunning(true, *local*)
2018-05-29 23:04:15,437 INFO o.a.j.e.StandardJMeterEngine: Starting ThreadGroup: 1 : Logout 
2018-05-29 23:04:15,437 INFO o.a.j.e.StandardJMeterEngine: Starting 1 threads for group Logout .
2018-05-29 23:04:15,437 INFO o.a.j.e.StandardJMeterEngine: Thread will continue on error
2018-05-29 23:04:15,437 INFO o.a.j.t.ThreadGroup: Starting thread group... number=1 threads=1 ramp-up=1 perThread=1000.0 delayedStart=false
2018-05-29 23:04:15,437 INFO o.a.j.t.ThreadGroup: Started thread group number 1
2018-05-29 23:04:15,438 INFO o.a.j.e.StandardJMeterEngine: All thread groups have been started
2018-05-29 23:04:15,438 INFO o.a.j.t.JMeterThread: Thread started: Logout  1-1
2018-05-29 23:04:20,828 INFO o.a.j.t.JMeterThread: Thread is done: Logout  1-1
2018-05-29 23:04:20,829 INFO o.a.j.t.JMeterThread: Thread finished: Logout  1-1
2018-05-29 23:04:20,829 INFO o.a.j.e.StandardJMeterEngine: Notifying test listeners of end of test
2018-05-29 23:04:20,829 INFO o.a.j.g.u.JMeterMenuBar: setRunning(false, *local*)
2018-05-29 23:04:28,684 INFO o.a.j.e.StandardJMeterEngine: Running the test!
2018-05-29 23:04:28,684 INFO o.a.j.s.SampleEvent: List of sample_variables: []
2018-05-29 23:04:28,685 INFO o.a.j.g.u.JMeterMenuBar: setRunning(true, *local*)
2018-05-29 23:04:28,868 INFO o.a.j.e.StandardJMeterEngine: Starting ThreadGroup: 1 : Logout 
2018-05-29 23:04:28,868 INFO o.a.j.e.StandardJMeterEngine: Starting 1 threads for group Logout .
2018-05-29 23:04:28,868 INFO o.a.j.e.StandardJMeterEngine: Thread will continue on error
2018-05-29 23:04:28,868 INFO o.a.j.t.ThreadGroup: Starting thread group... number=1 threads=1 ramp-up=1 perThread=1000.0 delayedStart=false
2018-05-29 23:04:28,869 INFO o.a.j.t.ThreadGroup: Started thread group number 1
2018-05-29 23:04:28,869 INFO o.a.j.e.StandardJMeterEngine: All thread groups have been started
2018-05-29 23:04:28,872 INFO o.a.j.t.JMeterThread: Thread started: Logout  1-1
2018-05-29 23:04:30,173 INFO o.a.j.t.JMeterThread: Thread is done: Logout  1-1
2018-05-29 23:04:30,173 INFO o.a.j.t.JMeterThread: Thread finished: Logout  1-1
2018-05-29 23:04:30,173 INFO o.a.j.e.StandardJMeterEngine: Notifying test listeners of end of test
2018-05-29 23:04:30,173 INFO o.a.j.g.u.JMeterMenuBar: setRunning(false, *local*)
2018-05-29 23:05:07,264 INFO o.a.j.e.StandardJMeterEngine: Running the test!
2018-05-29 23:05:07,265 INFO o.a.j.s.SampleEvent: List of sample_variables: []
2018-05-29 23:05:07,265 INFO o.a.j.g.u.JMeterMenuBar: setRunning(true, *local*)
2018-05-29 23:05:07,454 INFO o.a.j.e.StandardJMeterEngine: Starting ThreadGroup: 1 : Logout 
2018-05-29 23:05:07,454 INFO o.a.j.e.StandardJMeterEngine: Starting 1 threads for group Logout .
2018-05-29 23:05:07,454 INFO o.a.j.e.StandardJMeterEngine: Thread will continue on error
2018-05-29 23:05:07,454 INFO o.a.j.t.ThreadGroup: Starting thread group... number=1 threads=1 ramp-up=1 perThread=1000.0 delayedStart=false
2018-05-29 23:05:07,455 INFO o.a.j.t.ThreadGroup: Started thread group number 1
2018-05-29 23:05:07,455 INFO o.a.j.e.StandardJMeterEngine: All thread groups have been started
2018-05-29 23:05:07,455 INFO o.a.j.t.JMeterThread: Thread started: Logout  1-1
2018-05-29 23:05:09,243 INFO o.a.j.t.JMeterThread: Thread is done: Logout  1-1
2018-05-29 23:05:09,243 INFO o.a.j.t.JMeterThread: Thread finished: Logout  1-1
2018-05-29 23:05:09,243 INFO o.a.j.e.StandardJMeterEngine: Notifying test listeners of end of test
2018-05-29 23:05:09,243 INFO o.a.j.g.u.JMeterMenuBar: setRunning(false, *local*)
2018-05-29 23:05:22,675 INFO o.a.j.e.StandardJMeterEngine: Running the test!
2018-05-29 23:05:22,675 INFO o.a.j.s.SampleEvent: List of sample_variables: []
2018-05-29 23:05:22,676 INFO o.a.j.g.u.JMeterMenuBar: setRunning(true, *local*)
2018-05-29 23:05:22,865 INFO o.a.j.e.StandardJMeterEngine: Starting ThreadGroup: 1 : Search weather 
2018-05-29 23:05:22,866 INFO o.a.j.e.StandardJMeterEngine: Starting 1 threads for group Search weather .
2018-05-29 23:05:22,866 INFO o.a.j.e.StandardJMeterEngine: Thread will continue on error
2018-05-29 23:05:22,866 INFO o.a.j.t.ThreadGroup: Starting thread group... number=1 threads=1 ramp-up=1 perThread=1000.0 delayedStart=false
2018-05-29 23:05:22,866 INFO o.a.j.t.ThreadGroup: Started thread group number 1
2018-05-29 23:05:22,866 INFO o.a.j.e.StandardJMeterEngine: All thread groups have been started
2018-05-29 23:05:22,867 INFO o.a.j.t.JMeterThread: Thread started: Search weather  1-1
2018-05-29 23:05:28,311 INFO o.a.j.t.JMeterThread: Thread is done: Search weather  1-1
2018-05-29 23:05:28,311 INFO o.a.j.t.JMeterThread: Thread finished: Search weather  1-1
2018-05-29 23:05:28,311 INFO o.a.j.e.StandardJMeterEngine: Notifying test listeners of end of test
2018-05-29 23:05:28,311 INFO o.a.j.g.u.JMeterMenuBar: setRunning(false, *local*)
2018-05-29 23:05:50,454 INFO o.a.j.e.StandardJMeterEngine: Running the test!
2018-05-29 23:05:50,454 INFO o.a.j.s.SampleEvent: List of sample_variables: []
2018-05-29 23:05:50,456 INFO o.a.j.g.u.JMeterMenuBar: setRunning(true, *local*)
2018-05-29 23:05:50,661 INFO o.a.j.e.StandardJMeterEngine: Starting ThreadGroup: 1 : Search weather for unexisting city 
2018-05-29 23:05:50,661 INFO o.a.j.e.StandardJMeterEngine: Starting 1 threads for group Search weather for unexisting city .
2018-05-29 23:05:50,661 INFO o.a.j.e.StandardJMeterEngine: Thread will continue on error
2018-05-29 23:05:50,661 INFO o.a.j.t.ThreadGroup: Starting thread group... number=1 threads=1 ramp-up=1 perThread=1000.0 delayedStart=false
2018-05-29 23:05:50,662 INFO o.a.j.t.ThreadGroup: Started thread group number 1
2018-05-29 23:05:50,662 INFO o.a.j.e.StandardJMeterEngine: All thread groups have been started
2018-05-29 23:05:50,662 INFO o.a.j.t.JMeterThread: Thread started: Search weather for unexisting city  1-1
2018-05-29 23:05:54,938 INFO o.a.j.t.JMeterThread: Thread is done: Search weather for unexisting city  1-1
2018-05-29 23:05:54,939 INFO o.a.j.t.JMeterThread: Thread finished: Search weather for unexisting city  1-1
2018-05-29 23:05:54,939 INFO o.a.j.e.StandardJMeterEngine: Notifying test listeners of end of test
2018-05-29 23:05:54,939 INFO o.a.j.g.u.JMeterMenuBar: setRunning(false, *local*)
2018-05-29 23:07:08,357 INFO o.a.j.e.StandardJMeterEngine: Running the test!
2018-05-29 23:07:08,357 INFO o.a.j.s.SampleEvent: List of sample_variables: []
2018-05-29 23:07:08,357 INFO o.a.j.g.u.JMeterMenuBar: setRunning(true, *local*)
2018-05-29 23:07:08,569 INFO o.a.j.e.StandardJMeterEngine: Starting ThreadGroup: 1 : Search weather for unexisting city 
2018-05-29 23:07:08,569 INFO o.a.j.e.StandardJMeterEngine: Starting 1 threads for group Search weather for unexisting city .
2018-05-29 23:07:08,569 INFO o.a.j.e.StandardJMeterEngine: Thread will continue on error
2018-05-29 23:07:08,569 INFO o.a.j.t.ThreadGroup: Starting thread group... number=1 threads=1 ramp-up=1 perThread=1000.0 delayedStart=false
2018-05-29 23:07:08,569 INFO o.a.j.t.ThreadGroup: Started thread group number 1
2018-05-29 23:07:08,569 INFO o.a.j.e.StandardJMeterEngine: All thread groups have been started
2018-05-29 23:07:08,570 INFO o.a.j.t.JMeterThread: Thread started: Search weather for unexisting city  1-1
2018-05-29 23:07:10,023 INFO o.a.j.t.JMeterThread: Thread is done: Search weather for unexisting city  1-1
2018-05-29 23:07:10,024 INFO o.a.j.t.JMeterThread: Thread finished: Search weather for unexisting city  1-1
2018-05-29 23:07:10,024 INFO o.a.j.e.StandardJMeterEngine: Notifying test listeners of end of test
2018-05-29 23:07:10,024 INFO o.a.j.g.u.JMeterMenuBar: setRunning(false, *local*)
2018-05-29 23:07:42,225 INFO o.a.j.e.StandardJMeterEngine: Running the test!
2018-05-29 23:07:42,225 INFO o.a.j.s.SampleEvent: List of sample_variables: []
2018-05-29 23:07:42,226 INFO o.a.j.g.u.JMeterMenuBar: setRunning(true, *local*)
2018-05-29 23:07:42,444 INFO o.a.j.e.StandardJMeterEngine: Starting ThreadGroup: 1 : Surf the site after login 
2018-05-29 23:07:42,444 INFO o.a.j.e.StandardJMeterEngine: Starting 1 threads for group Surf the site after login .
2018-05-29 23:07:42,444 INFO o.a.j.e.StandardJMeterEngine: Thread will continue on error
2018-05-29 23:07:42,444 INFO o.a.j.t.ThreadGroup: Starting thread group... number=1 threads=1 ramp-up=1 perThread=1000.0 delayedStart=false
2018-05-29 23:07:42,445 INFO o.a.j.t.ThreadGroup: Started thread group number 1
2018-05-29 23:07:42,445 INFO o.a.j.e.StandardJMeterEngine: All thread groups have been started
2018-05-29 23:07:42,446 INFO o.a.j.t.JMeterThread: Thread started: Surf the site after login  1-1
2018-05-29 23:07:44,703 INFO o.a.j.t.JMeterThread: Thread is done: Surf the site after login  1-1
2018-05-29 23:07:44,703 INFO o.a.j.t.JMeterThread: Thread finished: Surf the site after login  1-1
2018-05-29 23:07:44,704 INFO o.a.j.e.StandardJMeterEngine: Notifying test listeners of end of test
2018-05-29 23:07:44,704 INFO o.a.j.g.u.JMeterMenuBar: setRunning(false, *local*)
2018-05-29 23:08:17,036 INFO o.a.j.e.StandardJMeterEngine: Running the test!
2018-05-29 23:08:17,037 INFO o.a.j.s.SampleEvent: List of sample_variables: []
2018-05-29 23:08:17,037 INFO o.a.j.g.u.JMeterMenuBar: setRunning(true, *local*)
2018-05-29 23:08:17,246 INFO o.a.j.e.StandardJMeterEngine: Starting ThreadGroup: 1 : Surf the site after login 
2018-05-29 23:08:17,246 INFO o.a.j.e.StandardJMeterEngine: Starting 1 threads for group Surf the site after login .
2018-05-29 23:08:17,246 INFO o.a.j.e.StandardJMeterEngine: Thread will continue on error
2018-05-29 23:08:17,246 INFO o.a.j.t.ThreadGroup: Starting thread group... number=1 threads=1 ramp-up=1 perThread=1000.0 delayedStart=false
2018-05-29 23:08:17,246 INFO o.a.j.t.ThreadGroup: Started thread group number 1
2018-05-29 23:08:17,246 INFO o.a.j.e.StandardJMeterEngine: All thread groups have been started
2018-05-29 23:08:17,247 INFO o.a.j.t.JMeterThread: Thread started: Surf the site after login  1-1
2018-05-29 23:08:19,358 INFO o.a.j.t.JMeterThread: Thread is done: Surf the site after login  1-1
2018-05-29 23:08:19,358 INFO o.a.j.t.JMeterThread: Thread finished: Surf the site after login  1-1
2018-05-29 23:08:19,358 INFO o.a.j.e.StandardJMeterEngine: Notifying test listeners of end of test
2018-05-29 23:08:19,359 INFO o.a.j.g.u.JMeterMenuBar: setRunning(false, *local*)
2018-05-29 23:08:46,878 INFO o.a.j.e.StandardJMeterEngine: Running the test!
2018-05-29 23:08:46,878 INFO o.a.j.s.SampleEvent: List of sample_variables: []
2018-05-29 23:08:46,879 INFO o.a.j.g.u.JMeterMenuBar: setRunning(true, *local*)
2018-05-29 23:08:47,071 INFO o.a.j.e.StandardJMeterEngine: Starting ThreadGroup: 1 : Surf the site after login 
2018-05-29 23:08:47,071 INFO o.a.j.e.StandardJMeterEngine: Starting 1 threads for group Surf the site after login .
2018-05-29 23:08:47,071 INFO o.a.j.e.StandardJMeterEngine: Thread will continue on error
2018-05-29 23:08:47,071 INFO o.a.j.t.ThreadGroup: Starting thread group... number=1 threads=1 ramp-up=1 perThread=1000.0 delayedStart=false
2018-05-29 23:08:47,072 INFO o.a.j.t.ThreadGroup: Started thread group number 1
2018-05-29 23:08:47,072 INFO o.a.j.e.StandardJMeterEngine: All thread groups have been started
2018-05-29 23:08:47,079 INFO o.a.j.t.JMeterThread: Thread started: Surf the site after login  1-1
2018-05-29 23:08:49,397 INFO o.a.j.t.JMeterThread: Thread is done: Surf the site after login  1-1
2018-05-29 23:08:49,397 INFO o.a.j.t.JMeterThread: Thread finished: Surf the site after login  1-1
2018-05-29 23:08:49,397 INFO o.a.j.e.StandardJMeterEngine: Notifying test listeners of end of test
2018-05-29 23:08:49,397 INFO o.a.j.g.u.JMeterMenuBar: setRunning(false, *local*)
